{
  "stats": {
    "suites": 1,
    "tests": 8,
    "passes": 2,
    "pending": 0,
    "failures": 6,
    "start": "2025-07-26T12:24:22.844Z",
    "end": "2025-07-26T12:24:30.667Z",
    "duration": 7823,
    "testsRegistered": 8,
    "passPercent": 25,
    "pendingPercent": 0,
    "other": 0,
    "hasOther": false,
    "skipped": 0,
    "hasSkipped": false
  },
  "results": [
    {
      "uuid": "0290fa22-23ac-457b-be5e-b8215e182682",
      "title": "",
      "fullFile": "cypress\\e2e\\backendTests.cy.js",
      "file": "cypress\\e2e\\backendTests.cy.js",
      "beforeHooks": [],
      "afterHooks": [],
      "tests": [],
      "suites": [
        {
          "uuid": "1c97421e-a836-4c34-8d33-21caf8c8d3df",
          "title": "Backend API Tests for Employee and Admin Role",
          "fullFile": "",
          "file": "",
          "beforeHooks": [],
          "afterHooks": [],
          "tests": [
            {
              "title": "should register a new employee",
              "fullTitle": "Backend API Tests for Employee and Admin Role should register a new employee",
              "timedOut": null,
              "duration": 2175,
              "state": "passed",
              "speed": "fast",
              "pass": true,
              "fail": false,
              "pending": false,
              "context": null,
              "code": "cy.request(\"POST\", `${apiUrl}/auth/register`, {\n  username: employeeUsername,\n  password: employeePassword\n}).then(response => {\n  expect(response.status).to.eq(201);\n  expect(response.body).to.have.property(\"message\", \"User registered successfully\");\n});",
              "err": {},
              "uuid": "bb6b7e70-0dd1-4cca-b676-3d7709f59a15",
              "parentUUID": "1c97421e-a836-4c34-8d33-21caf8c8d3df",
              "isHook": false,
              "skipped": false
            },
            {
              "title": "should login the employee with valid credentials",
              "fullTitle": "Backend API Tests for Employee and Admin Role should login the employee with valid credentials",
              "timedOut": null,
              "duration": 1131,
              "state": "passed",
              "speed": "fast",
              "pass": true,
              "fail": false,
              "pending": false,
              "context": null,
              "code": "cy.request(\"POST\", `${apiUrl}/auth/login`, {\n  username: employeeUsername,\n  password: employeePassword\n}).then(response => {\n  expect(response.status).to.eq(200);\n  expect(response.body).to.have.property(\"token\");\n  employeeToken = `Bearer ${response.body.token}`;\n});",
              "err": {},
              "uuid": "5d3e7615-df29-40d8-a45e-d5199772c321",
              "parentUUID": "1c97421e-a836-4c34-8d33-21caf8c8d3df",
              "isHook": false,
              "skipped": false
            },
            {
              "title": "should submit resignation for the employee",
              "fullTitle": "Backend API Tests for Employee and Admin Role should submit resignation for the employee",
              "timedOut": null,
              "duration": 889,
              "state": "failed",
              "speed": null,
              "pass": false,
              "fail": true,
              "pending": false,
              "context": null,
              "code": "cy.request({\n  method: \"POST\",\n  url: `${apiUrl}/user/resign`,\n  headers: {\n    Authorization: employeeToken\n  },\n  body: {\n    lwd: \"2024-12-26\"\n  }\n}).then(response => {\n  expect(response.status).to.eq(200);\n  employeeResignationId = response.body.data.resignation._id;\n});",
              "err": {
                "message": "CypressError: `cy.request()` failed on:\n\nhttps://xexit-1-mapu.onrender.com/api/user/resign\n\nThe response we received from your web server was:\n\n  > 401: Unauthorized\n\nThis was considered a failure because the status code was not `2xx` or `3xx`.\n\nIf you do not want status codes to cause failures pass the option: `failOnStatusCode: false`\n\n-----------------------------------------------------------\n\nThe request we sent was:\n\nMethod: POST\nURL: https://xexit-1-mapu.onrender.com/api/user/resign\nHeaders: {\n  \"Connection\": \"keep-alive\",\n  \"Authorization\": \"Bearer eyJhbGciOiJIUzI1NiIsInR5cCI6IkpXVCJ9.eyJ1c2VySWQiOiI2ODg0YzhmODk5YjExMmI1YmE1NmE5MjAiLCJyb2xlIjoiZW1wbG95ZWUiLCJpYXQiOjE3NTM1MzI2NjYsImV4cCI6MTc1MzYxOTA2Nn0.AdcQsbOWcBHiCpgdM9hIJ-XgE_LubOaluoBAHvs4RHw\",\n  \"user-agent\": \"Mozilla/5.0 (Windows NT 10.0; Win64; x64) AppleWebKit/537.36 (KHTML, like Gecko) Cypress/13.17.0 Chrome/118.0.5993.159 Electron/27.3.10 Safari/537.36\",\n  \"accept\": \"*/*\",\n  \"accept-encoding\": \"gzip, deflate\",\n  \"content-type\": \"application/json\",\n  \"content-length\": 20\n}\nBody: {\"lwd\":\"2024-12-26\"}\n\n-----------------------------------------------------------\n\nThe response we got was:\n\nStatus: 401 - Unauthorized\nHeaders: {\n  \"date\": \"Sat, 26 Jul 2025 12:24:26 GMT\",\n  \"content-type\": \"application/json; charset=utf-8\",\n  \"transfer-encoding\": \"chunked\",\n  \"connection\": \"keep-alive\",\n  \"access-control-allow-origin\": \"*\",\n  \"etag\": \"W/\\\"1c-ZEVVcvtFhxKX/QUvVKqKxwGbbNA\\\"\",\n  \"rndr-id\": \"e17b4244-6269-4ac8\",\n  \"vary\": \"Accept-Encoding\",\n  \"x-powered-by\": \"Express\",\n  \"x-render-origin-server\": \"Render\",\n  \"cf-cache-status\": \"DYNAMIC\",\n  \"server\": \"cloudflare\",\n  \"cf-ray\": \"9653dfbcbaa04455-BOM\",\n  \"alt-svc\": \"h3=\\\":443\\\"; ma=86400\"\n}\nBody: {\n  \"message\": \"User not found\"\n}\n\n\nhttps://on.cypress.io/request",
                "estack": "CypressError: `cy.request()` failed on:\n\nhttps://xexit-1-mapu.onrender.com/api/user/resign\n\nThe response we received from your web server was:\n\n  > 401: Unauthorized\n\nThis was considered a failure because the status code was not `2xx` or `3xx`.\n\nIf you do not want status codes to cause failures pass the option: `failOnStatusCode: false`\n\n-----------------------------------------------------------\n\nThe request we sent was:\n\nMethod: POST\nURL: https://xexit-1-mapu.onrender.com/api/user/resign\nHeaders: {\n  \"Connection\": \"keep-alive\",\n  \"Authorization\": \"Bearer eyJhbGciOiJIUzI1NiIsInR5cCI6IkpXVCJ9.eyJ1c2VySWQiOiI2ODg0YzhmODk5YjExMmI1YmE1NmE5MjAiLCJyb2xlIjoiZW1wbG95ZWUiLCJpYXQiOjE3NTM1MzI2NjYsImV4cCI6MTc1MzYxOTA2Nn0.AdcQsbOWcBHiCpgdM9hIJ-XgE_LubOaluoBAHvs4RHw\",\n  \"user-agent\": \"Mozilla/5.0 (Windows NT 10.0; Win64; x64) AppleWebKit/537.36 (KHTML, like Gecko) Cypress/13.17.0 Chrome/118.0.5993.159 Electron/27.3.10 Safari/537.36\",\n  \"accept\": \"*/*\",\n  \"accept-encoding\": \"gzip, deflate\",\n  \"content-type\": \"application/json\",\n  \"content-length\": 20\n}\nBody: {\"lwd\":\"2024-12-26\"}\n\n-----------------------------------------------------------\n\nThe response we got was:\n\nStatus: 401 - Unauthorized\nHeaders: {\n  \"date\": \"Sat, 26 Jul 2025 12:24:26 GMT\",\n  \"content-type\": \"application/json; charset=utf-8\",\n  \"transfer-encoding\": \"chunked\",\n  \"connection\": \"keep-alive\",\n  \"access-control-allow-origin\": \"*\",\n  \"etag\": \"W/\\\"1c-ZEVVcvtFhxKX/QUvVKqKxwGbbNA\\\"\",\n  \"rndr-id\": \"e17b4244-6269-4ac8\",\n  \"vary\": \"Accept-Encoding\",\n  \"x-powered-by\": \"Express\",\n  \"x-render-origin-server\": \"Render\",\n  \"cf-cache-status\": \"DYNAMIC\",\n  \"server\": \"cloudflare\",\n  \"cf-ray\": \"9653dfbcbaa04455-BOM\",\n  \"alt-svc\": \"h3=\\\":443\\\"; ma=86400\"\n}\nBody: {\n  \"message\": \"User not found\"\n}\n\n\nhttps://on.cypress.io/request\n    at <unknown> (https://xexit-1-mapu.onrender.com/__cypress/runner/cypress_runner.js:132876:72)\n    at tryCatcher (https://xexit-1-mapu.onrender.com/__cypress/runner/cypress_runner.js:1830:23)\n    at Promise._settlePromiseFromHandler (https://xexit-1-mapu.onrender.com/__cypress/runner/cypress_runner.js:1542:31)\n    at Promise._settlePromise (https://xexit-1-mapu.onrender.com/__cypress/runner/cypress_runner.js:1599:18)\n    at Promise._settlePromise0 (https://xexit-1-mapu.onrender.com/__cypress/runner/cypress_runner.js:1644:10)\n    at Promise._settlePromises (https://xexit-1-mapu.onrender.com/__cypress/runner/cypress_runner.js:1724:18)\n    at _drainQueueStep (https://xexit-1-mapu.onrender.com/__cypress/runner/cypress_runner.js:2430:12)\n    at _drainQueue (https://xexit-1-mapu.onrender.com/__cypress/runner/cypress_runner.js:2423:9)\n    at Async._drainQueues (https://xexit-1-mapu.onrender.com/__cypress/runner/cypress_runner.js:2439:5)\n    at Async.drainQueues (https://xexit-1-mapu.onrender.com/__cypress/runner/cypress_runner.js:2309:14)\nFrom Your Spec Code:\n    at Context.eval (webpack://assessment/./cypress/e2e/backendTests.cy.js:34:7)",
                "diff": null
              },
              "uuid": "15de7c63-2b8d-4c2b-9cbb-5fde99d05158",
              "parentUUID": "1c97421e-a836-4c34-8d33-21caf8c8d3df",
              "isHook": false,
              "skipped": false
            },
            {
              "title": "should login as admin (HR)",
              "fullTitle": "Backend API Tests for Employee and Admin Role should login as admin (HR)",
              "timedOut": null,
              "duration": 777,
              "state": "failed",
              "speed": null,
              "pass": false,
              "fail": true,
              "pending": false,
              "context": null,
              "code": "cy.request(\"POST\", `${apiUrl}/auth/login`, {\n  username: \"admin\",\n  password: \"admin\"\n}).then(response => {\n  expect(response.status).to.eq(200);\n  expect(response.body).to.have.property(\"token\");\n  adminToken = `Bearer ${response.body.token}`;\n});",
              "err": {
                "message": "CypressError: `cy.request()` failed on:\n\nhttps://xexit-1-mapu.onrender.com/api/auth/login\n\nThe response we received from your web server was:\n\n  > 401: Unauthorized\n\nThis was considered a failure because the status code was not `2xx` or `3xx`.\n\nIf you do not want status codes to cause failures pass the option: `failOnStatusCode: false`\n\n-----------------------------------------------------------\n\nThe request we sent was:\n\nMethod: POST\nURL: https://xexit-1-mapu.onrender.com/api/auth/login\nHeaders: {\n  \"Connection\": \"keep-alive\",\n  \"user-agent\": \"Mozilla/5.0 (Windows NT 10.0; Win64; x64) AppleWebKit/537.36 (KHTML, like Gecko) Cypress/13.17.0 Chrome/118.0.5993.159 Electron/27.3.10 Safari/537.36\",\n  \"accept\": \"*/*\",\n  \"accept-encoding\": \"gzip, deflate\",\n  \"content-type\": \"application/json\",\n  \"content-length\": 39\n}\nBody: {\"username\":\"admin\",\"password\":\"admin\"}\n\n-----------------------------------------------------------\n\nThe response we got was:\n\nStatus: 401 - Unauthorized\nHeaders: {\n  \"date\": \"Sat, 26 Jul 2025 12:24:27 GMT\",\n  \"content-type\": \"application/json; charset=utf-8\",\n  \"transfer-encoding\": \"chunked\",\n  \"connection\": \"keep-alive\",\n  \"access-control-allow-origin\": \"*\",\n  \"etag\": \"W/\\\"21-dBEoW0UmTF+EGUMaprEp9/8zNNA\\\"\",\n  \"rndr-id\": \"9fd561bd-59b4-4b0b\",\n  \"vary\": \"Accept-Encoding\",\n  \"x-powered-by\": \"Express\",\n  \"x-render-origin-server\": \"Render\",\n  \"cf-cache-status\": \"DYNAMIC\",\n  \"server\": \"cloudflare\",\n  \"cf-ray\": \"9653dfc2afe04455-BOM\",\n  \"alt-svc\": \"h3=\\\":443\\\"; ma=86400\"\n}\nBody: {\n  \"message\": \"Invalid credentials\"\n}\n\n\nhttps://on.cypress.io/request",
                "estack": "CypressError: `cy.request()` failed on:\n\nhttps://xexit-1-mapu.onrender.com/api/auth/login\n\nThe response we received from your web server was:\n\n  > 401: Unauthorized\n\nThis was considered a failure because the status code was not `2xx` or `3xx`.\n\nIf you do not want status codes to cause failures pass the option: `failOnStatusCode: false`\n\n-----------------------------------------------------------\n\nThe request we sent was:\n\nMethod: POST\nURL: https://xexit-1-mapu.onrender.com/api/auth/login\nHeaders: {\n  \"Connection\": \"keep-alive\",\n  \"user-agent\": \"Mozilla/5.0 (Windows NT 10.0; Win64; x64) AppleWebKit/537.36 (KHTML, like Gecko) Cypress/13.17.0 Chrome/118.0.5993.159 Electron/27.3.10 Safari/537.36\",\n  \"accept\": \"*/*\",\n  \"accept-encoding\": \"gzip, deflate\",\n  \"content-type\": \"application/json\",\n  \"content-length\": 39\n}\nBody: {\"username\":\"admin\",\"password\":\"admin\"}\n\n-----------------------------------------------------------\n\nThe response we got was:\n\nStatus: 401 - Unauthorized\nHeaders: {\n  \"date\": \"Sat, 26 Jul 2025 12:24:27 GMT\",\n  \"content-type\": \"application/json; charset=utf-8\",\n  \"transfer-encoding\": \"chunked\",\n  \"connection\": \"keep-alive\",\n  \"access-control-allow-origin\": \"*\",\n  \"etag\": \"W/\\\"21-dBEoW0UmTF+EGUMaprEp9/8zNNA\\\"\",\n  \"rndr-id\": \"9fd561bd-59b4-4b0b\",\n  \"vary\": \"Accept-Encoding\",\n  \"x-powered-by\": \"Express\",\n  \"x-render-origin-server\": \"Render\",\n  \"cf-cache-status\": \"DYNAMIC\",\n  \"server\": \"cloudflare\",\n  \"cf-ray\": \"9653dfc2afe04455-BOM\",\n  \"alt-svc\": \"h3=\\\":443\\\"; ma=86400\"\n}\nBody: {\n  \"message\": \"Invalid credentials\"\n}\n\n\nhttps://on.cypress.io/request\n    at <unknown> (https://xexit-1-mapu.onrender.com/__cypress/runner/cypress_runner.js:132876:72)\n    at tryCatcher (https://xexit-1-mapu.onrender.com/__cypress/runner/cypress_runner.js:1830:23)\n    at Promise._settlePromiseFromHandler (https://xexit-1-mapu.onrender.com/__cypress/runner/cypress_runner.js:1542:31)\n    at Promise._settlePromise (https://xexit-1-mapu.onrender.com/__cypress/runner/cypress_runner.js:1599:18)\n    at Promise._settlePromise0 (https://xexit-1-mapu.onrender.com/__cypress/runner/cypress_runner.js:1644:10)\n    at Promise._settlePromises (https://xexit-1-mapu.onrender.com/__cypress/runner/cypress_runner.js:1724:18)\n    at _drainQueueStep (https://xexit-1-mapu.onrender.com/__cypress/runner/cypress_runner.js:2430:12)\n    at _drainQueue (https://xexit-1-mapu.onrender.com/__cypress/runner/cypress_runner.js:2423:9)\n    at Async._drainQueues (https://xexit-1-mapu.onrender.com/__cypress/runner/cypress_runner.js:2439:5)\n    at Async.drainQueues (https://xexit-1-mapu.onrender.com/__cypress/runner/cypress_runner.js:2309:14)\nFrom Your Spec Code:\n    at Context.eval (webpack://assessment/./cypress/e2e/backendTests.cy.js:51:7)",
                "diff": null
              },
              "uuid": "f4883ff6-2931-4ae8-9efa-978df33c4fb6",
              "parentUUID": "1c97421e-a836-4c34-8d33-21caf8c8d3df",
              "isHook": false,
              "skipped": false
            },
            {
              "title": "should view all resignations submitted by employees",
              "fullTitle": "Backend API Tests for Employee and Admin Role should view all resignations submitted by employees",
              "timedOut": null,
              "duration": 541,
              "state": "failed",
              "speed": null,
              "pass": false,
              "fail": true,
              "pending": false,
              "context": null,
              "code": "cy.request({\n  method: \"GET\",\n  url: `${apiUrl}/admin/resignations`,\n  headers: {\n    Authorization: adminToken\n  }\n}).then(response => {\n  expect(response.status).to.eq(200);\n  expect(response.body.data).to.be.an(\"array\");\n});",
              "err": {
                "message": "CypressError: `cy.request()` failed on:\n\nhttps://xexit-1-mapu.onrender.com/api/admin/resignations\n\nThe response we received from your web server was:\n\n  > 401: Unauthorized\n\nThis was considered a failure because the status code was not `2xx` or `3xx`.\n\nIf you do not want status codes to cause failures pass the option: `failOnStatusCode: false`\n\n-----------------------------------------------------------\n\nThe request we sent was:\n\nMethod: GET\nURL: https://xexit-1-mapu.onrender.com/api/admin/resignations\nHeaders: {\n  \"Connection\": \"keep-alive\",\n  \"Authorization\": \"\",\n  \"user-agent\": \"Mozilla/5.0 (Windows NT 10.0; Win64; x64) AppleWebKit/537.36 (KHTML, like Gecko) Cypress/13.17.0 Chrome/118.0.5993.159 Electron/27.3.10 Safari/537.36\",\n  \"accept\": \"*/*\",\n  \"accept-encoding\": \"gzip, deflate\"\n}\n\n-----------------------------------------------------------\n\nThe response we got was:\n\nStatus: 401 - Unauthorized\nHeaders: {\n  \"date\": \"Sat, 26 Jul 2025 12:24:28 GMT\",\n  \"content-type\": \"application/json; charset=utf-8\",\n  \"transfer-encoding\": \"chunked\",\n  \"connection\": \"keep-alive\",\n  \"access-control-allow-origin\": \"*\",\n  \"etag\": \"W/\\\"1b-XlHkdgvQ8UFnu6TefaNMMsUbJz0\\\"\",\n  \"rndr-id\": \"723d2ad8-2aa7-4a18\",\n  \"vary\": \"Accept-Encoding\",\n  \"x-powered-by\": \"Express\",\n  \"x-render-origin-server\": \"Render\",\n  \"cf-cache-status\": \"DYNAMIC\",\n  \"server\": \"cloudflare\",\n  \"cf-ray\": \"9653dfc7dc6b4455-BOM\",\n  \"alt-svc\": \"h3=\\\":443\\\"; ma=86400\"\n}\nBody: {\n  \"message\": \"Token missing\"\n}\n\n\nhttps://on.cypress.io/request",
                "estack": "CypressError: `cy.request()` failed on:\n\nhttps://xexit-1-mapu.onrender.com/api/admin/resignations\n\nThe response we received from your web server was:\n\n  > 401: Unauthorized\n\nThis was considered a failure because the status code was not `2xx` or `3xx`.\n\nIf you do not want status codes to cause failures pass the option: `failOnStatusCode: false`\n\n-----------------------------------------------------------\n\nThe request we sent was:\n\nMethod: GET\nURL: https://xexit-1-mapu.onrender.com/api/admin/resignations\nHeaders: {\n  \"Connection\": \"keep-alive\",\n  \"Authorization\": \"\",\n  \"user-agent\": \"Mozilla/5.0 (Windows NT 10.0; Win64; x64) AppleWebKit/537.36 (KHTML, like Gecko) Cypress/13.17.0 Chrome/118.0.5993.159 Electron/27.3.10 Safari/537.36\",\n  \"accept\": \"*/*\",\n  \"accept-encoding\": \"gzip, deflate\"\n}\n\n-----------------------------------------------------------\n\nThe response we got was:\n\nStatus: 401 - Unauthorized\nHeaders: {\n  \"date\": \"Sat, 26 Jul 2025 12:24:28 GMT\",\n  \"content-type\": \"application/json; charset=utf-8\",\n  \"transfer-encoding\": \"chunked\",\n  \"connection\": \"keep-alive\",\n  \"access-control-allow-origin\": \"*\",\n  \"etag\": \"W/\\\"1b-XlHkdgvQ8UFnu6TefaNMMsUbJz0\\\"\",\n  \"rndr-id\": \"723d2ad8-2aa7-4a18\",\n  \"vary\": \"Accept-Encoding\",\n  \"x-powered-by\": \"Express\",\n  \"x-render-origin-server\": \"Render\",\n  \"cf-cache-status\": \"DYNAMIC\",\n  \"server\": \"cloudflare\",\n  \"cf-ray\": \"9653dfc7dc6b4455-BOM\",\n  \"alt-svc\": \"h3=\\\":443\\\"; ma=86400\"\n}\nBody: {\n  \"message\": \"Token missing\"\n}\n\n\nhttps://on.cypress.io/request\n    at <unknown> (https://xexit-1-mapu.onrender.com/__cypress/runner/cypress_runner.js:132876:72)\n    at tryCatcher (https://xexit-1-mapu.onrender.com/__cypress/runner/cypress_runner.js:1830:23)\n    at Promise._settlePromiseFromHandler (https://xexit-1-mapu.onrender.com/__cypress/runner/cypress_runner.js:1542:31)\n    at Promise._settlePromise (https://xexit-1-mapu.onrender.com/__cypress/runner/cypress_runner.js:1599:18)\n    at Promise._settlePromise0 (https://xexit-1-mapu.onrender.com/__cypress/runner/cypress_runner.js:1644:10)\n    at Promise._settlePromises (https://xexit-1-mapu.onrender.com/__cypress/runner/cypress_runner.js:1724:18)\n    at _drainQueueStep (https://xexit-1-mapu.onrender.com/__cypress/runner/cypress_runner.js:2430:12)\n    at _drainQueue (https://xexit-1-mapu.onrender.com/__cypress/runner/cypress_runner.js:2423:9)\n    at Async._drainQueues (https://xexit-1-mapu.onrender.com/__cypress/runner/cypress_runner.js:2439:5)\n    at Async.drainQueues (https://xexit-1-mapu.onrender.com/__cypress/runner/cypress_runner.js:2309:14)\nFrom Your Spec Code:\n    at Context.eval (webpack://assessment/./cypress/e2e/backendTests.cy.js:63:7)",
                "diff": null
              },
              "uuid": "0846e4d7-0acf-417a-bd09-4a65a0e5f76e",
              "parentUUID": "1c97421e-a836-4c34-8d33-21caf8c8d3df",
              "isHook": false,
              "skipped": false
            },
            {
              "title": "should approve the employee’s resignation",
              "fullTitle": "Backend API Tests for Employee and Admin Role should approve the employee’s resignation",
              "timedOut": null,
              "duration": 593,
              "state": "failed",
              "speed": null,
              "pass": false,
              "fail": true,
              "pending": false,
              "context": null,
              "code": "cy.request({\n  method: \"PUT\",\n  url: `${apiUrl}/admin/conclude_resignation`,\n  headers: {\n    Authorization: adminToken\n  },\n  body: {\n    resignationId: employeeResignationId,\n    approved: true,\n    lwd: \"2024-12-26\"\n  }\n}).then(response => {\n  expect(response.status).to.eq(200);\n});",
              "err": {
                "message": "CypressError: `cy.request()` failed on:\n\nhttps://xexit-1-mapu.onrender.com/api/admin/conclude_resignation\n\nThe response we received from your web server was:\n\n  > 404: Not Found\n\nThis was considered a failure because the status code was not `2xx` or `3xx`.\n\nIf you do not want status codes to cause failures pass the option: `failOnStatusCode: false`\n\n-----------------------------------------------------------\n\nThe request we sent was:\n\nMethod: PUT\nURL: https://xexit-1-mapu.onrender.com/api/admin/conclude_resignation\nHeaders: {\n  \"Connection\": \"keep-alive\",\n  \"Authorization\": \"\",\n  \"user-agent\": \"Mozilla/5.0 (Windows NT 10.0; Win64; x64) AppleWebKit/537.36 (KHTML, like Gecko) Cypress/13.17.0 Chrome/118.0.5993.159 Electron/27.3.10 Safari/537.36\",\n  \"accept\": \"*/*\",\n  \"accept-encoding\": \"gzip, deflate\",\n  \"content-type\": \"application/json\",\n  \"content-length\": 57\n}\nBody: {\"resignationId\":null,\"approved\":true,\"lwd\":\"2024-12-26\"}\n\n-----------------------------------------------------------\n\nThe response we got was:\n\nStatus: 404 - Not Found\nHeaders: {\n  \"date\": \"Sat, 26 Jul 2025 12:24:29 GMT\",\n  \"content-type\": \"text/html; charset=utf-8\",\n  \"transfer-encoding\": \"chunked\",\n  \"connection\": \"keep-alive\",\n  \"access-control-allow-origin\": \"*\",\n  \"content-security-policy\": \"default-src 'none'\",\n  \"rndr-id\": \"85e8237c-80a5-4856\",\n  \"vary\": \"Accept-Encoding\",\n  \"x-content-type-options\": \"nosniff\",\n  \"x-powered-by\": \"Express\",\n  \"x-render-origin-server\": \"Render\",\n  \"cf-cache-status\": \"DYNAMIC\",\n  \"server\": \"cloudflare\",\n  \"cf-ray\": \"9653dfcb9f974455-BOM\",\n  \"content-encoding\": \"gzip\",\n  \"alt-svc\": \"h3=\\\":443\\\"; ma=86400\"\n}\nBody: <!DOCTYPE html>\n<html lang=\"en\">\n<head>\n<meta charset=\"utf-8\">\n<title>Error</title>\n</head>\n<body>\n<pre>Cannot PUT /api/admin/conclude_resignation</pre>\n</body>\n</html>\n\nhttps://on.cypress.io/request",
                "estack": "CypressError: `cy.request()` failed on:\n\nhttps://xexit-1-mapu.onrender.com/api/admin/conclude_resignation\n\nThe response we received from your web server was:\n\n  > 404: Not Found\n\nThis was considered a failure because the status code was not `2xx` or `3xx`.\n\nIf you do not want status codes to cause failures pass the option: `failOnStatusCode: false`\n\n-----------------------------------------------------------\n\nThe request we sent was:\n\nMethod: PUT\nURL: https://xexit-1-mapu.onrender.com/api/admin/conclude_resignation\nHeaders: {\n  \"Connection\": \"keep-alive\",\n  \"Authorization\": \"\",\n  \"user-agent\": \"Mozilla/5.0 (Windows NT 10.0; Win64; x64) AppleWebKit/537.36 (KHTML, like Gecko) Cypress/13.17.0 Chrome/118.0.5993.159 Electron/27.3.10 Safari/537.36\",\n  \"accept\": \"*/*\",\n  \"accept-encoding\": \"gzip, deflate\",\n  \"content-type\": \"application/json\",\n  \"content-length\": 57\n}\nBody: {\"resignationId\":null,\"approved\":true,\"lwd\":\"2024-12-26\"}\n\n-----------------------------------------------------------\n\nThe response we got was:\n\nStatus: 404 - Not Found\nHeaders: {\n  \"date\": \"Sat, 26 Jul 2025 12:24:29 GMT\",\n  \"content-type\": \"text/html; charset=utf-8\",\n  \"transfer-encoding\": \"chunked\",\n  \"connection\": \"keep-alive\",\n  \"access-control-allow-origin\": \"*\",\n  \"content-security-policy\": \"default-src 'none'\",\n  \"rndr-id\": \"85e8237c-80a5-4856\",\n  \"vary\": \"Accept-Encoding\",\n  \"x-content-type-options\": \"nosniff\",\n  \"x-powered-by\": \"Express\",\n  \"x-render-origin-server\": \"Render\",\n  \"cf-cache-status\": \"DYNAMIC\",\n  \"server\": \"cloudflare\",\n  \"cf-ray\": \"9653dfcb9f974455-BOM\",\n  \"content-encoding\": \"gzip\",\n  \"alt-svc\": \"h3=\\\":443\\\"; ma=86400\"\n}\nBody: <!DOCTYPE html>\n<html lang=\"en\">\n<head>\n<meta charset=\"utf-8\">\n<title>Error</title>\n</head>\n<body>\n<pre>Cannot PUT /api/admin/conclude_resignation</pre>\n</body>\n</html>\n\nhttps://on.cypress.io/request\n    at <unknown> (https://xexit-1-mapu.onrender.com/__cypress/runner/cypress_runner.js:132876:72)\n    at tryCatcher (https://xexit-1-mapu.onrender.com/__cypress/runner/cypress_runner.js:1830:23)\n    at Promise._settlePromiseFromHandler (https://xexit-1-mapu.onrender.com/__cypress/runner/cypress_runner.js:1542:31)\n    at Promise._settlePromise (https://xexit-1-mapu.onrender.com/__cypress/runner/cypress_runner.js:1599:18)\n    at Promise._settlePromise0 (https://xexit-1-mapu.onrender.com/__cypress/runner/cypress_runner.js:1644:10)\n    at Promise._settlePromises (https://xexit-1-mapu.onrender.com/__cypress/runner/cypress_runner.js:1724:18)\n    at _drainQueueStep (https://xexit-1-mapu.onrender.com/__cypress/runner/cypress_runner.js:2430:12)\n    at _drainQueue (https://xexit-1-mapu.onrender.com/__cypress/runner/cypress_runner.js:2423:9)\n    at Async._drainQueues (https://xexit-1-mapu.onrender.com/__cypress/runner/cypress_runner.js:2439:5)\n    at Async.drainQueues (https://xexit-1-mapu.onrender.com/__cypress/runner/cypress_runner.js:2309:14)\nFrom Your Spec Code:\n    at Context.eval (webpack://assessment/./cypress/e2e/backendTests.cy.js:77:7)",
                "diff": null
              },
              "uuid": "12f98774-fc5e-4929-b67e-0f54c3488479",
              "parentUUID": "1c97421e-a836-4c34-8d33-21caf8c8d3df",
              "isHook": false,
              "skipped": false
            },
            {
              "title": "should allow the employee to submit responses to exit questionnaire",
              "fullTitle": "Backend API Tests for Employee and Admin Role should allow the employee to submit responses to exit questionnaire",
              "timedOut": null,
              "duration": 795,
              "state": "failed",
              "speed": null,
              "pass": false,
              "fail": true,
              "pending": false,
              "context": null,
              "code": "cy.request({\n  method: \"POST\",\n  url: `${apiUrl}/user/responses`,\n  headers: {\n    Authorization: employeeToken\n  },\n  body: {\n    responses: [{\n      questionText: \"What prompted you to start looking for another job?\",\n      response: \"Lack of career growth opportunities\"\n    }, {\n      questionText: \"Would you recommend this company to others?\",\n      response: \"Yes, with some reservations\"\n    }]\n  }\n}).then(response => {\n  expect(response.status).to.eq(200);\n});",
              "err": {
                "message": "CypressError: `cy.request()` failed on:\n\nhttps://xexit-1-mapu.onrender.com/api/user/responses\n\nThe response we received from your web server was:\n\n  > 401: Unauthorized\n\nThis was considered a failure because the status code was not `2xx` or `3xx`.\n\nIf you do not want status codes to cause failures pass the option: `failOnStatusCode: false`\n\n-----------------------------------------------------------\n\nThe request we sent was:\n\nMethod: POST\nURL: https://xexit-1-mapu.onrender.com/api/user/responses\nHeaders: {\n  \"Connection\": \"keep-alive\",\n  \"Authorization\": \"Bearer eyJhbGciOiJIUzI1NiIsInR5cCI6IkpXVCJ9.eyJ1c2VySWQiOiI2ODg0YzhmODk5YjExMmI1YmE1NmE5MjAiLCJyb2xlIjoiZW1wbG95ZWUiLCJpYXQiOjE3NTM1MzI2NjYsImV4cCI6MTc1MzYxOTA2Nn0.AdcQsbOWcBHiCpgdM9hIJ-XgE_LubOaluoBAHvs4RHw\",\n  \"user-agent\": \"Mozilla/5.0 (Windows NT 10.0; Win64; x64) AppleWebKit/537.36 (KHTML, like Gecko) Cypress/13.17.0 Chrome/118.0.5993.159 Electron/27.3.10 Safari/537.36\",\n  \"accept\": \"*/*\",\n  \"accept-encoding\": \"gzip, deflate\",\n  \"content-type\": \"application/json\",\n  \"content-length\": 239\n}\nBody: {\"responses\":[{\"questionText\":\"What prompted you to start looking for another job?\",\"response\":\"Lack of career growth opportunities\"},{\"questionText\":\"Would you recommend this company to others?\",\"response\":\"Yes, with some reservations\"}]}\n\n-----------------------------------------------------------\n\nThe response we got was:\n\nStatus: 401 - Unauthorized\nHeaders: {\n  \"date\": \"Sat, 26 Jul 2025 12:24:29 GMT\",\n  \"content-type\": \"application/json; charset=utf-8\",\n  \"transfer-encoding\": \"chunked\",\n  \"connection\": \"keep-alive\",\n  \"access-control-allow-origin\": \"*\",\n  \"etag\": \"W/\\\"1c-ZEVVcvtFhxKX/QUvVKqKxwGbbNA\\\"\",\n  \"rndr-id\": \"7a4450ba-cc62-42f9\",\n  \"vary\": \"Accept-Encoding\",\n  \"x-powered-by\": \"Express\",\n  \"x-render-origin-server\": \"Render\",\n  \"cf-cache-status\": \"DYNAMIC\",\n  \"server\": \"cloudflare\",\n  \"cf-ray\": \"9653dfcf5ba64455-BOM\",\n  \"alt-svc\": \"h3=\\\":443\\\"; ma=86400\"\n}\nBody: {\n  \"message\": \"User not found\"\n}\n\n\nhttps://on.cypress.io/request",
                "estack": "CypressError: `cy.request()` failed on:\n\nhttps://xexit-1-mapu.onrender.com/api/user/responses\n\nThe response we received from your web server was:\n\n  > 401: Unauthorized\n\nThis was considered a failure because the status code was not `2xx` or `3xx`.\n\nIf you do not want status codes to cause failures pass the option: `failOnStatusCode: false`\n\n-----------------------------------------------------------\n\nThe request we sent was:\n\nMethod: POST\nURL: https://xexit-1-mapu.onrender.com/api/user/responses\nHeaders: {\n  \"Connection\": \"keep-alive\",\n  \"Authorization\": \"Bearer eyJhbGciOiJIUzI1NiIsInR5cCI6IkpXVCJ9.eyJ1c2VySWQiOiI2ODg0YzhmODk5YjExMmI1YmE1NmE5MjAiLCJyb2xlIjoiZW1wbG95ZWUiLCJpYXQiOjE3NTM1MzI2NjYsImV4cCI6MTc1MzYxOTA2Nn0.AdcQsbOWcBHiCpgdM9hIJ-XgE_LubOaluoBAHvs4RHw\",\n  \"user-agent\": \"Mozilla/5.0 (Windows NT 10.0; Win64; x64) AppleWebKit/537.36 (KHTML, like Gecko) Cypress/13.17.0 Chrome/118.0.5993.159 Electron/27.3.10 Safari/537.36\",\n  \"accept\": \"*/*\",\n  \"accept-encoding\": \"gzip, deflate\",\n  \"content-type\": \"application/json\",\n  \"content-length\": 239\n}\nBody: {\"responses\":[{\"questionText\":\"What prompted you to start looking for another job?\",\"response\":\"Lack of career growth opportunities\"},{\"questionText\":\"Would you recommend this company to others?\",\"response\":\"Yes, with some reservations\"}]}\n\n-----------------------------------------------------------\n\nThe response we got was:\n\nStatus: 401 - Unauthorized\nHeaders: {\n  \"date\": \"Sat, 26 Jul 2025 12:24:29 GMT\",\n  \"content-type\": \"application/json; charset=utf-8\",\n  \"transfer-encoding\": \"chunked\",\n  \"connection\": \"keep-alive\",\n  \"access-control-allow-origin\": \"*\",\n  \"etag\": \"W/\\\"1c-ZEVVcvtFhxKX/QUvVKqKxwGbbNA\\\"\",\n  \"rndr-id\": \"7a4450ba-cc62-42f9\",\n  \"vary\": \"Accept-Encoding\",\n  \"x-powered-by\": \"Express\",\n  \"x-render-origin-server\": \"Render\",\n  \"cf-cache-status\": \"DYNAMIC\",\n  \"server\": \"cloudflare\",\n  \"cf-ray\": \"9653dfcf5ba64455-BOM\",\n  \"alt-svc\": \"h3=\\\":443\\\"; ma=86400\"\n}\nBody: {\n  \"message\": \"User not found\"\n}\n\n\nhttps://on.cypress.io/request\n    at <unknown> (https://xexit-1-mapu.onrender.com/__cypress/runner/cypress_runner.js:132876:72)\n    at tryCatcher (https://xexit-1-mapu.onrender.com/__cypress/runner/cypress_runner.js:1830:23)\n    at Promise._settlePromiseFromHandler (https://xexit-1-mapu.onrender.com/__cypress/runner/cypress_runner.js:1542:31)\n    at Promise._settlePromise (https://xexit-1-mapu.onrender.com/__cypress/runner/cypress_runner.js:1599:18)\n    at Promise._settlePromise0 (https://xexit-1-mapu.onrender.com/__cypress/runner/cypress_runner.js:1644:10)\n    at Promise._settlePromises (https://xexit-1-mapu.onrender.com/__cypress/runner/cypress_runner.js:1724:18)\n    at _drainQueueStep (https://xexit-1-mapu.onrender.com/__cypress/runner/cypress_runner.js:2430:12)\n    at _drainQueue (https://xexit-1-mapu.onrender.com/__cypress/runner/cypress_runner.js:2423:9)\n    at Async._drainQueues (https://xexit-1-mapu.onrender.com/__cypress/runner/cypress_runner.js:2439:5)\n    at Async.drainQueues (https://xexit-1-mapu.onrender.com/__cypress/runner/cypress_runner.js:2309:14)\nFrom Your Spec Code:\n    at Context.eval (webpack://assessment/./cypress/e2e/backendTests.cy.js:95:7)",
                "diff": null
              },
              "uuid": "b9a56e56-af94-4e48-9969-60a56311a0f1",
              "parentUUID": "1c97421e-a836-4c34-8d33-21caf8c8d3df",
              "isHook": false,
              "skipped": false
            },
            {
              "title": "should allow the admin to view all questionnaire responses",
              "fullTitle": "Backend API Tests for Employee and Admin Role should allow the admin to view all questionnaire responses",
              "timedOut": null,
              "duration": 586,
              "state": "failed",
              "speed": null,
              "pass": false,
              "fail": true,
              "pending": false,
              "context": null,
              "code": "cy.request({\n  method: \"GET\",\n  url: `${apiUrl}/admin/exit_responses`,\n  headers: {\n    Authorization: adminToken\n  }\n}).then(response => {\n  expect(response.status).to.eq(200);\n  expect(response.body.data).to.be.an(\"array\");\n  const expectedResponses = [{\n    questionText: \"What prompted you to start looking for another job?\",\n    response: \"Lack of career growth opportunities\"\n  }, {\n    questionText: \"Would you recommend this company to others?\",\n    response: \"Yes, with some reservations\"\n  }];\n  const hasExpectedResponses = response.body.data.some(item => {\n    return item.responses.length === expectedResponses.length && item.responses.every((resp, index) => {\n      return resp.questionText === expectedResponses[index].questionText && resp.response === expectedResponses[index].response;\n    });\n  });\n  expect(hasExpectedResponses).to.be.true;\n});",
              "err": {
                "message": "CypressError: `cy.request()` failed on:\n\nhttps://xexit-1-mapu.onrender.com/api/admin/exit_responses\n\nThe response we received from your web server was:\n\n  > 404: Not Found\n\nThis was considered a failure because the status code was not `2xx` or `3xx`.\n\nIf you do not want status codes to cause failures pass the option: `failOnStatusCode: false`\n\n-----------------------------------------------------------\n\nThe request we sent was:\n\nMethod: GET\nURL: https://xexit-1-mapu.onrender.com/api/admin/exit_responses\nHeaders: {\n  \"Connection\": \"keep-alive\",\n  \"Authorization\": \"\",\n  \"user-agent\": \"Mozilla/5.0 (Windows NT 10.0; Win64; x64) AppleWebKit/537.36 (KHTML, like Gecko) Cypress/13.17.0 Chrome/118.0.5993.159 Electron/27.3.10 Safari/537.36\",\n  \"accept\": \"*/*\",\n  \"accept-encoding\": \"gzip, deflate\"\n}\n\n-----------------------------------------------------------\n\nThe response we got was:\n\nStatus: 404 - Not Found\nHeaders: {\n  \"date\": \"Sat, 26 Jul 2025 12:24:30 GMT\",\n  \"content-type\": \"text/html; charset=utf-8\",\n  \"transfer-encoding\": \"chunked\",\n  \"connection\": \"keep-alive\",\n  \"access-control-allow-origin\": \"*\",\n  \"content-security-policy\": \"default-src 'none'\",\n  \"rndr-id\": \"fb2c3e42-0d74-4827\",\n  \"vary\": \"Accept-Encoding\",\n  \"x-content-type-options\": \"nosniff\",\n  \"x-powered-by\": \"Express\",\n  \"x-render-origin-server\": \"Render\",\n  \"cf-cache-status\": \"DYNAMIC\",\n  \"server\": \"cloudflare\",\n  \"cf-ray\": \"9653dfd4d9cd4455-BOM\",\n  \"content-encoding\": \"gzip\",\n  \"alt-svc\": \"h3=\\\":443\\\"; ma=86400\"\n}\nBody: <!DOCTYPE html>\n<html lang=\"en\">\n<head>\n<meta charset=\"utf-8\">\n<title>Error</title>\n</head>\n<body>\n<pre>Cannot GET /api/admin/exit_responses</pre>\n</body>\n</html>\n\nhttps://on.cypress.io/request",
                "estack": "CypressError: `cy.request()` failed on:\n\nhttps://xexit-1-mapu.onrender.com/api/admin/exit_responses\n\nThe response we received from your web server was:\n\n  > 404: Not Found\n\nThis was considered a failure because the status code was not `2xx` or `3xx`.\n\nIf you do not want status codes to cause failures pass the option: `failOnStatusCode: false`\n\n-----------------------------------------------------------\n\nThe request we sent was:\n\nMethod: GET\nURL: https://xexit-1-mapu.onrender.com/api/admin/exit_responses\nHeaders: {\n  \"Connection\": \"keep-alive\",\n  \"Authorization\": \"\",\n  \"user-agent\": \"Mozilla/5.0 (Windows NT 10.0; Win64; x64) AppleWebKit/537.36 (KHTML, like Gecko) Cypress/13.17.0 Chrome/118.0.5993.159 Electron/27.3.10 Safari/537.36\",\n  \"accept\": \"*/*\",\n  \"accept-encoding\": \"gzip, deflate\"\n}\n\n-----------------------------------------------------------\n\nThe response we got was:\n\nStatus: 404 - Not Found\nHeaders: {\n  \"date\": \"Sat, 26 Jul 2025 12:24:30 GMT\",\n  \"content-type\": \"text/html; charset=utf-8\",\n  \"transfer-encoding\": \"chunked\",\n  \"connection\": \"keep-alive\",\n  \"access-control-allow-origin\": \"*\",\n  \"content-security-policy\": \"default-src 'none'\",\n  \"rndr-id\": \"fb2c3e42-0d74-4827\",\n  \"vary\": \"Accept-Encoding\",\n  \"x-content-type-options\": \"nosniff\",\n  \"x-powered-by\": \"Express\",\n  \"x-render-origin-server\": \"Render\",\n  \"cf-cache-status\": \"DYNAMIC\",\n  \"server\": \"cloudflare\",\n  \"cf-ray\": \"9653dfd4d9cd4455-BOM\",\n  \"content-encoding\": \"gzip\",\n  \"alt-svc\": \"h3=\\\":443\\\"; ma=86400\"\n}\nBody: <!DOCTYPE html>\n<html lang=\"en\">\n<head>\n<meta charset=\"utf-8\">\n<title>Error</title>\n</head>\n<body>\n<pre>Cannot GET /api/admin/exit_responses</pre>\n</body>\n</html>\n\nhttps://on.cypress.io/request\n    at <unknown> (https://xexit-1-mapu.onrender.com/__cypress/runner/cypress_runner.js:132876:72)\n    at tryCatcher (https://xexit-1-mapu.onrender.com/__cypress/runner/cypress_runner.js:1830:23)\n    at Promise._settlePromiseFromHandler (https://xexit-1-mapu.onrender.com/__cypress/runner/cypress_runner.js:1542:31)\n    at Promise._settlePromise (https://xexit-1-mapu.onrender.com/__cypress/runner/cypress_runner.js:1599:18)\n    at Promise._settlePromise0 (https://xexit-1-mapu.onrender.com/__cypress/runner/cypress_runner.js:1644:10)\n    at Promise._settlePromises (https://xexit-1-mapu.onrender.com/__cypress/runner/cypress_runner.js:1724:18)\n    at _drainQueueStep (https://xexit-1-mapu.onrender.com/__cypress/runner/cypress_runner.js:2430:12)\n    at _drainQueue (https://xexit-1-mapu.onrender.com/__cypress/runner/cypress_runner.js:2423:9)\n    at Async._drainQueues (https://xexit-1-mapu.onrender.com/__cypress/runner/cypress_runner.js:2439:5)\n    at Async.drainQueues (https://xexit-1-mapu.onrender.com/__cypress/runner/cypress_runner.js:2309:14)\nFrom Your Spec Code:\n    at Context.eval (webpack://assessment/./cypress/e2e/backendTests.cy.js:120:7)",
                "diff": null
              },
              "uuid": "96eed53d-c956-4479-91df-31b400857ffb",
              "parentUUID": "1c97421e-a836-4c34-8d33-21caf8c8d3df",
              "isHook": false,
              "skipped": false
            }
          ],
          "suites": [],
          "passes": [
            "bb6b7e70-0dd1-4cca-b676-3d7709f59a15",
            "5d3e7615-df29-40d8-a45e-d5199772c321"
          ],
          "failures": [
            "15de7c63-2b8d-4c2b-9cbb-5fde99d05158",
            "f4883ff6-2931-4ae8-9efa-978df33c4fb6",
            "0846e4d7-0acf-417a-bd09-4a65a0e5f76e",
            "12f98774-fc5e-4929-b67e-0f54c3488479",
            "b9a56e56-af94-4e48-9969-60a56311a0f1",
            "96eed53d-c956-4479-91df-31b400857ffb"
          ],
          "pending": [],
          "skipped": [],
          "duration": 7487,
          "root": false,
          "rootEmpty": false,
          "_timeout": 2000
        }
      ],
      "passes": [],
      "failures": [],
      "pending": [],
      "skipped": [],
      "duration": 0,
      "root": true,
      "rootEmpty": true,
      "_timeout": 2000
    }
  ],
  "meta": {
    "mocha": {
      "version": "7.0.1"
    },
    "mochawesome": {
      "options": {
        "quiet": false,
        "reportFilename": "my-report",
        "saveHtml": true,
        "saveJson": true,
        "consoleReporter": "spec",
        "useInlineDiffs": false,
        "code": true
      },
      "version": "7.1.3"
    },
    "marge": {
      "options": {
        "charts": true,
        "json": true,
        "reportsDir": "reports/your-reports-folder",
        "reportFilename": "my-report",
        "overwrite": false
      },
      "version": "6.2.0"
    }
  }
}